[08/31/2025 20:16:40:0744][Exception]System.IndexOutOfRangeException: 索引在陣列的界限之外。
   於 VisualProgrammingEnvironment.Activities.Activity_Data.ActivityFunction(Object input, Stack`1 customVariables, Stack`1 globalVariables)
   於 VIPLE_Runtime.Actions.BasicAction.PerformFunction(Object input, Stack`1 customVariables, Stack`1 globalVariables)
   於 VIPLE_Runtime.RuntimeStarter.ExecuteNode(ActionBase& currentNode, Boolean inWhile)
   於 VIPLE_Runtime.RuntimeStarter.ExecuteCommands(Object head)
   於 VIPLE_Runtime.RuntimeStarter.ThreadStartPoint(Object data)
   於 System.Threading.ThreadHelper.ThreadStart_Context(Object state)
   於 System.Threading.ExecutionContext.RunInternal(ExecutionContext executionContext, ContextCallback callback, Object state, Boolean preserveSyncCtx)
   於 System.Threading.ExecutionContext.Run(ExecutionContext executionContext, ContextCallback callback, Object state, Boolean preserveSyncCtx)
   於 System.Threading.ExecutionContext.Run(ExecutionContext executionContext, ContextCallback callback, Object state)
   於 System.Threading.ThreadHelper.ThreadStart(Object obj)
[08/31/2025 20:16:40:0754][Exception]System.IndexOutOfRangeException: 索引在陣列的界限之外。
   於 VisualProgrammingEnvironment.Activities.Activity_Data.ActivityFunction(Object input, Stack`1 customVariables, Stack`1 globalVariables)
   於 VIPLE_Runtime.Actions.BasicAction.PerformFunction(Object input, Stack`1 customVariables, Stack`1 globalVariables)
   於 VIPLE_Runtime.RuntimeStarter.ExecuteNode(ActionBase& currentNode, Boolean inWhile)
   於 VIPLE_Runtime.RuntimeStarter.ExecuteCommands(Object head)
   於 VIPLE_Runtime.RuntimeStarter.ThreadStartPoint(Object data)
   於 System.Threading.ThreadHelper.ThreadStart_Context(Object state)
   於 System.Threading.ExecutionContext.RunInternal(ExecutionContext executionContext, ContextCallback callback, Object state, Boolean preserveSyncCtx)
   於 System.Threading.ExecutionContext.Run(ExecutionContext executionContext, ContextCallback callback, Object state, Boolean preserveSyncCtx)
   於 System.Threading.ExecutionContext.Run(ExecutionContext executionContext, ContextCallback callback, Object state)
   於 System.Threading.ThreadHelper.ThreadStart(Object obj)
[08/31/2025 20:16:40:0808][Exception]System.IndexOutOfRangeException: 索引在陣列的界限之外。
   於 VisualProgrammingEnvironment.Activities.Activity_Data.ActivityFunction(Object input, Stack`1 customVariables, Stack`1 globalVariables)
   於 VIPLE_Runtime.Actions.BasicAction.PerformFunction(Object input, Stack`1 customVariables, Stack`1 globalVariables)
   於 VIPLE_Runtime.RuntimeStarter.ExecuteNode(ActionBase& currentNode, Boolean inWhile)
   於 VIPLE_Runtime.RuntimeStarter.ExecuteCommands(Object head)
   於 VIPLE_Runtime.RuntimeStarter.ThreadStartPoint(Object data)
   於 System.Threading.ThreadHelper.ThreadStart_Context(Object state)
   於 System.Threading.ExecutionContext.RunInternal(ExecutionContext executionContext, ContextCallback callback, Object state, Boolean preserveSyncCtx)
   於 System.Threading.ExecutionContext.Run(ExecutionContext executionContext, ContextCallback callback, Object state, Boolean preserveSyncCtx)
   於 System.Threading.ExecutionContext.Run(ExecutionContext executionContext, ContextCallback callback, Object state)
   於 System.Threading.ThreadHelper.ThreadStart(Object obj)
[08/31/2025 20:16:40:0808][Exception]System.IndexOutOfRangeException: 索引在陣列的界限之外。
   於 VisualProgrammingEnvironment.Activities.Activity_Data.ActivityFunction(Object input, Stack`1 customVariables, Stack`1 globalVariables)
   於 VIPLE_Runtime.Actions.BasicAction.PerformFunction(Object input, Stack`1 customVariables, Stack`1 globalVariables)
   於 VIPLE_Runtime.RuntimeStarter.ExecuteNode(ActionBase& currentNode, Boolean inWhile)
   於 VIPLE_Runtime.RuntimeStarter.ExecuteCommands(Object head)
   於 VIPLE_Runtime.RuntimeStarter.ThreadStartPoint(Object data)
   於 System.Threading.ThreadHelper.ThreadStart_Context(Object state)
   於 System.Threading.ExecutionContext.RunInternal(ExecutionContext executionContext, ContextCallback callback, Object state, Boolean preserveSyncCtx)
   於 System.Threading.ExecutionContext.Run(ExecutionContext executionContext, ContextCallback callback, Object state, Boolean preserveSyncCtx)
   於 System.Threading.ExecutionContext.Run(ExecutionContext executionContext, ContextCallback callback, Object state)
   於 System.Threading.ThreadHelper.ThreadStart(Object obj)
[08/31/2025 20:19:08:1079][Exception]System.IndexOutOfRangeException: 索引在陣列的界限之外。
   於 VisualProgrammingEnvironment.Activities.Activity_Data.ActivityFunction(Object input, Stack`1 customVariables, Stack`1 globalVariables)
   於 VIPLE_Runtime.Actions.BasicAction.PerformFunction(Object input, Stack`1 customVariables, Stack`1 globalVariables)
   於 VIPLE_Runtime.RuntimeStarter.ExecuteNode(ActionBase& currentNode, Boolean inWhile)
   於 VIPLE_Runtime.RuntimeStarter.ExecuteCommands(Object head)
   於 VIPLE_Runtime.RuntimeStarter.ThreadStartPoint(Object data)
   於 System.Threading.ThreadHelper.ThreadStart_Context(Object state)
   於 System.Threading.ExecutionContext.RunInternal(ExecutionContext executionContext, ContextCallback callback, Object state, Boolean preserveSyncCtx)
   於 System.Threading.ExecutionContext.Run(ExecutionContext executionContext, ContextCallback callback, Object state, Boolean preserveSyncCtx)
   於 System.Threading.ExecutionContext.Run(ExecutionContext executionContext, ContextCallback callback, Object state)
   於 System.Threading.ThreadHelper.ThreadStart(Object obj)
[08/31/2025 20:19:08:1079][Exception]System.IndexOutOfRangeException: 索引在陣列的界限之外。
   於 VisualProgrammingEnvironment.Activities.Activity_Data.ActivityFunction(Object input, Stack`1 customVariables, Stack`1 globalVariables)
   於 VIPLE_Runtime.Actions.BasicAction.PerformFunction(Object input, Stack`1 customVariables, Stack`1 globalVariables)
   於 VIPLE_Runtime.RuntimeStarter.ExecuteNode(ActionBase& currentNode, Boolean inWhile)
   於 VIPLE_Runtime.RuntimeStarter.ExecuteCommands(Object head)
   於 VIPLE_Runtime.RuntimeStarter.ThreadStartPoint(Object data)
   於 System.Threading.ThreadHelper.ThreadStart_Context(Object state)
   於 System.Threading.ExecutionContext.RunInternal(ExecutionContext executionContext, ContextCallback callback, Object state, Boolean preserveSyncCtx)
   於 System.Threading.ExecutionContext.Run(ExecutionContext executionContext, ContextCallback callback, Object state, Boolean preserveSyncCtx)
   於 System.Threading.ExecutionContext.Run(ExecutionContext executionContext, ContextCallback callback, Object state)
   於 System.Threading.ThreadHelper.ThreadStart(Object obj)
[08/31/2025 20:19:08:1089][Exception]System.IndexOutOfRangeException: 索引在陣列的界限之外。
   於 VisualProgrammingEnvironment.Activities.Activity_Data.ActivityFunction(Object input, Stack`1 customVariables, Stack`1 globalVariables)
   於 VIPLE_Runtime.Actions.BasicAction.PerformFunction(Object input, Stack`1 customVariables, Stack`1 globalVariables)
   於 VIPLE_Runtime.RuntimeStarter.ExecuteNode(ActionBase& currentNode, Boolean inWhile)
   於 VIPLE_Runtime.RuntimeStarter.ExecuteCommands(Object head)
   於 VIPLE_Runtime.RuntimeStarter.ThreadStartPoint(Object data)
   於 System.Threading.ThreadHelper.ThreadStart_Context(Object state)
   於 System.Threading.ExecutionContext.RunInternal(ExecutionContext executionContext, ContextCallback callback, Object state, Boolean preserveSyncCtx)
   於 System.Threading.ExecutionContext.Run(ExecutionContext executionContext, ContextCallback callback, Object state, Boolean preserveSyncCtx)
   於 System.Threading.ExecutionContext.Run(ExecutionContext executionContext, ContextCallback callback, Object state)
   於 System.Threading.ThreadHelper.ThreadStart(Object obj)
[08/31/2025 20:19:08:1089][Exception]System.IndexOutOfRangeException: 索引在陣列的界限之外。
   於 VisualProgrammingEnvironment.Activities.Activity_Data.ActivityFunction(Object input, Stack`1 customVariables, Stack`1 globalVariables)
   於 VIPLE_Runtime.Actions.BasicAction.PerformFunction(Object input, Stack`1 customVariables, Stack`1 globalVariables)
   於 VIPLE_Runtime.RuntimeStarter.ExecuteNode(ActionBase& currentNode, Boolean inWhile)
   於 VIPLE_Runtime.RuntimeStarter.ExecuteCommands(Object head)
   於 VIPLE_Runtime.RuntimeStarter.ThreadStartPoint(Object data)
   於 System.Threading.ThreadHelper.ThreadStart_Context(Object state)
   於 System.Threading.ExecutionContext.RunInternal(ExecutionContext executionContext, ContextCallback callback, Object state, Boolean preserveSyncCtx)
   於 System.Threading.ExecutionContext.Run(ExecutionContext executionContext, ContextCallback callback, Object state, Boolean preserveSyncCtx)
   於 System.Threading.ExecutionContext.Run(ExecutionContext executionContext, ContextCallback callback, Object state)
   於 System.Threading.ThreadHelper.ThreadStart(Object obj)
